{"name": "заказы пользователя из раздела «История заказов» отображаются на странице «Лента заказов»", "status": "broken", "statusDetails": {"message": "selenium.common.exceptions.TimeoutException: Message: \nStacktrace:\n\tGetHandleVerifier [0x00007FF6FC7F4C25+3179557]\n\t(No symbol) [0x00007FF6FC4588A0]\n\t(No symbol) [0x00007FF6FC2E91CA]\n\t(No symbol) [0x00007FF6FC33FA67]\n\t(No symbol) [0x00007FF6FC33FC9C]\n\t(No symbol) [0x00007FF6FC393627]\n\t(No symbol) [0x00007FF6FC367C6F]\n\t(No symbol) [0x00007FF6FC3902F3]\n\t(No symbol) [0x00007FF6FC367A03]\n\t(No symbol) [0x00007FF6FC3306D0]\n\t(No symbol) [0x00007FF6FC331983]\n\tGetHandleVerifier [0x00007FF6FC8567CD+3579853]\n\tGetHandleVerifier [0x00007FF6FC86D1D2+3672530]\n\tGetHandleVerifier [0x00007FF6FC862153+3627347]\n\tGetHandleVerifier [0x00007FF6FC5C092A+868650]\n\t(No symbol) [0x00007FF6FC462FFF]\n\t(No symbol) [0x00007FF6FC45F4A4]\n\t(No symbol) [0x00007FF6FC45F646]\n\t(No symbol) [0x00007FF6FC44EAA9]\n\tBaseThreadInitThunk [0x00007FFE3219E8D7+23]\n\tRtlUserThreadStart [0x00007FFE332FBF6C+44]", "trace": "self = <test_orders.TestOrderFeed object at 0x000001B6BD834A70>, driver = <selenium.webdriver.chrome.webdriver.WebDriver (session=\"0bae7926b9e786208da39dc4e845d8e9\")>\ncreate_user = ({'email': 'zbruce@example.org', 'name': 'Tiffany Smith', 'password': '+qj@OyWk)3'}, {'message': 'User already exists', 'success': False}, 403)\n\n    @allure.description('заказы пользователя из раздела «История заказов» отображаются на странице «Лента заказов»')\n    @allure.title('заказы пользователя из раздела «История заказов» отображаются на странице «Лента заказов»')\n    def test_history_order_in_feed_oder(self, driver, create_user):\n        order_feed = OrderFeed(driver)\n    \n        order_feed.login_to_account(create_user)\n    \n>       order_feed.wait_bun()\n\ntests\\test_orders.py:26: \n_ _ _ _ _ _ _ _ _ _ _ _ _ _ _ _ _ _ _ _ _ _ _ _ _ _ _ _ _ _ _ _ _ _ _ _ _ _ _ _ _ _ _ _ _ _ _ _ _ _ _ _ _ _ _ _ _ _ _ _ _ _ _ _ _ _ _ _ _ _ _ _ _ _ _ _ _ _ _ _ _ _ _ _ _ _ _ _ _\npages\\order_page.py:32: in wait_bun\n    self.wait_clickable_element(OrderLocators.BURGER_AREA)\npages\\base_page.py:16: in wait_clickable_element\n    return WebDriverWait(self.driver, timeout).until(EC.element_to_be_clickable(locator))\n_ _ _ _ _ _ _ _ _ _ _ _ _ _ _ _ _ _ _ _ _ _ _ _ _ _ _ _ _ _ _ _ _ _ _ _ _ _ _ _ _ _ _ _ _ _ _ _ _ _ _ _ _ _ _ _ _ _ _ _ _ _ _ _ _ _ _ _ _ _ _ _ _ _ _ _ _ _ _ _ _ _ _ _ _ _ _ _ _\n\nself = <selenium.webdriver.support.wait.WebDriverWait (session=\"0bae7926b9e786208da39dc4e845d8e9\")>\nmethod = <function element_to_be_clickable.<locals>._predicate at 0x000001B6BD8337E0>, message = ''\n\n    def until(self, method: Callable[[D], Union[Literal[False], T]], message: str = \"\") -> T:\n        \"\"\"Calls the method provided with the driver as an argument until the \\\n        return value does not evaluate to ``False``.\n    \n        :param method: callable(WebDriver)\n        :param message: optional message for :exc:`TimeoutException`\n        :returns: the result of the last call to `method`\n        :raises: :exc:`selenium.common.exceptions.TimeoutException` if timeout occurs\n        \"\"\"\n        screen = None\n        stacktrace = None\n    \n        end_time = time.monotonic() + self._timeout\n        while True:\n            try:\n                value = method(self._driver)\n                if value:\n                    return value\n            except self._ignored_exceptions as exc:\n                screen = getattr(exc, \"screen\", None)\n                stacktrace = getattr(exc, \"stacktrace\", None)\n            if time.monotonic() > end_time:\n                break\n            time.sleep(self._poll)\n>       raise TimeoutException(message, screen, stacktrace)\nE       selenium.common.exceptions.TimeoutException: Message: \nE       Stacktrace:\nE       \tGetHandleVerifier [0x00007FF6FC7F4C25+3179557]\nE       \t(No symbol) [0x00007FF6FC4588A0]\nE       \t(No symbol) [0x00007FF6FC2E91CA]\nE       \t(No symbol) [0x00007FF6FC33FA67]\nE       \t(No symbol) [0x00007FF6FC33FC9C]\nE       \t(No symbol) [0x00007FF6FC393627]\nE       \t(No symbol) [0x00007FF6FC367C6F]\nE       \t(No symbol) [0x00007FF6FC3902F3]\nE       \t(No symbol) [0x00007FF6FC367A03]\nE       \t(No symbol) [0x00007FF6FC3306D0]\nE       \t(No symbol) [0x00007FF6FC331983]\nE       \tGetHandleVerifier [0x00007FF6FC8567CD+3579853]\nE       \tGetHandleVerifier [0x00007FF6FC86D1D2+3672530]\nE       \tGetHandleVerifier [0x00007FF6FC862153+3627347]\nE       \tGetHandleVerifier [0x00007FF6FC5C092A+868650]\nE       \t(No symbol) [0x00007FF6FC462FFF]\nE       \t(No symbol) [0x00007FF6FC45F4A4]\nE       \t(No symbol) [0x00007FF6FC45F646]\nE       \t(No symbol) [0x00007FF6FC44EAA9]\nE       \tBaseThreadInitThunk [0x00007FFE3219E8D7+23]\nE       \tRtlUserThreadStart [0x00007FFE332FBF6C+44]\n\n..\\AppData\\Local\\Programs\\Python\\Python312\\Lib\\site-packages\\selenium\\webdriver\\support\\wait.py:105: TimeoutException"}, "description": "заказы пользователя из раздела «История заказов» отображаются на странице «Лента заказов»", "steps": [{"name": "Вход в аккаунт", "status": "passed", "parameters": [{"name": "create_user", "value": "({'email': 'zbruce@example.org', 'password': '+qj@OyWk)3', 'name': 'Tiffany Smith'}, {'success': False, 'message': 'User already exists'}, 403)"}], "start": 1742860205947, "stop": 1742860206651}, {"name": "Ожидание булочки", "status": "broken", "statusDetails": {"message": "selenium.common.exceptions.TimeoutException: Message: \nStacktrace:\n\tGetHandleVerifier [0x00007FF6FC7F4C25+3179557]\n\t(No symbol) [0x00007FF6FC4588A0]\n\t(No symbol) [0x00007FF6FC2E91CA]\n\t(No symbol) [0x00007FF6FC33FA67]\n\t(No symbol) [0x00007FF6FC33FC9C]\n\t(No symbol) [0x00007FF6FC393627]\n\t(No symbol) [0x00007FF6FC367C6F]\n\t(No symbol) [0x00007FF6FC3902F3]\n\t(No symbol) [0x00007FF6FC367A03]\n\t(No symbol) [0x00007FF6FC3306D0]\n\t(No symbol) [0x00007FF6FC331983]\n\tGetHandleVerifier [0x00007FF6FC8567CD+3579853]\n\tGetHandleVerifier [0x00007FF6FC86D1D2+3672530]\n\tGetHandleVerifier [0x00007FF6FC862153+3627347]\n\tGetHandleVerifier [0x00007FF6FC5C092A+868650]\n\t(No symbol) [0x00007FF6FC462FFF]\n\t(No symbol) [0x00007FF6FC45F4A4]\n\t(No symbol) [0x00007FF6FC45F646]\n\t(No symbol) [0x00007FF6FC44EAA9]\n\tBaseThreadInitThunk [0x00007FFE3219E8D7+23]\n\tRtlUserThreadStart [0x00007FFE332FBF6C+44]\n\n", "trace": "  File \"C:\\Users\\tereh\\AppData\\Local\\Programs\\Python\\Python312\\Lib\\site-packages\\allure_commons\\_allure.py\", line 192, in impl\n    return func(*a, **kw)\n           ^^^^^^^^^^^^^^\n  File \"C:\\Users\\tereh\\Diplom_3\\pages\\order_page.py\", line 32, in wait_bun\n    self.wait_clickable_element(OrderLocators.BURGER_AREA)\n  File \"C:\\Users\\tereh\\Diplom_3\\pages\\base_page.py\", line 16, in wait_clickable_element\n    return WebDriverWait(self.driver, timeout).until(EC.element_to_be_clickable(locator))\n           ^^^^^^^^^^^^^^^^^^^^^^^^^^^^^^^^^^^^^^^^^^^^^^^^^^^^^^^^^^^^^^^^^^^^^^^^^^^^^^\n  File \"C:\\Users\\tereh\\AppData\\Local\\Programs\\Python\\Python312\\Lib\\site-packages\\selenium\\webdriver\\support\\wait.py\", line 105, in until\n    raise TimeoutException(message, screen, stacktrace)\n"}, "start": 1742860206652, "stop": 1742860217099}], "parameters": [{"name": "driver", "value": "'chrome'"}], "start": 1742860205947, "stop": 1742860217117, "uuid": "7b5d28ee-f035-451a-82ad-2699199d2d2a", "historyId": "04ac6da5e2cc7e3f5ab6acf9dd8770f1", "testCaseId": "688cc8825bb6e280d8b60f4013591bb5", "fullName": "tests.test_orders.TestOrderFeed#test_history_order_in_feed_oder", "labels": [{"name": "parentSuite", "value": "tests"}, {"name": "suite", "value": "test_orders"}, {"name": "subSuite", "value": "TestOrderFeed"}, {"name": "host", "value": "TerekhovHONOR"}, {"name": "thread", "value": "7448-MainThread"}, {"name": "framework", "value": "pytest"}, {"name": "language", "value": "cpython3"}, {"name": "package", "value": "tests.test_orders"}]}