{"name": "Переход в раздел «История заказов»", "status": "broken", "statusDetails": {"message": "selenium.common.exceptions.TimeoutException: Message: \nStacktrace:\nRemoteError@chrome://remote/content/shared/RemoteError.sys.mjs:8:8\nWebDriverError@chrome://remote/content/shared/webdriver/Errors.sys.mjs:197:5\nNoSuchElementError@chrome://remote/content/shared/webdriver/Errors.sys.mjs:527:5\ndom.find/</<@chrome://remote/content/shared/DOM.sys.mjs:136:16", "trace": "self = <test_account.TestPersonalAccount object at 0x000001B6BD8088C0>, driver = <selenium.webdriver.firefox.webdriver.WebDriver (session=\"f8c47833-87c1-4164-a716-178d5b6724c8\")>\ncreate_user = ({'email': 'nallen@example.org', 'name': 'Gina Riley', 'password': '@_MBgh%&1K'}, {'message': 'User already exists', 'success': False}, 403)\n\n    @allure.title('Переход в раздел «История заказов»')\n    def test_history_order(self, driver, create_user):\n        account_page = AccountPage(driver)\n    \n        account_page.wait_button_account()\n        account_page.login_to_account(create_user)\n    \n        account_page.wait_button_personal_account()\n        account_page.click_button_personal_account()\n    \n>       account_page.wait_history_order()\n\ntests\\test_account.py:32: \n_ _ _ _ _ _ _ _ _ _ _ _ _ _ _ _ _ _ _ _ _ _ _ _ _ _ _ _ _ _ _ _ _ _ _ _ _ _ _ _ _ _ _ _ _ _ _ _ _ _ _ _ _ _ _ _ _ _ _ _ _ _ _ _ _ _ _ _ _ _ _ _ _ _ _ _ _ _ _ _ _ _ _ _ _ _ _ _ _\npages\\account_page.py:37: in wait_history_order\n    self.wait_clickable_element(AccountLocators.HISTORY_ORDER)\npages\\base_page.py:16: in wait_clickable_element\n    return WebDriverWait(self.driver, timeout).until(EC.element_to_be_clickable(locator))\n_ _ _ _ _ _ _ _ _ _ _ _ _ _ _ _ _ _ _ _ _ _ _ _ _ _ _ _ _ _ _ _ _ _ _ _ _ _ _ _ _ _ _ _ _ _ _ _ _ _ _ _ _ _ _ _ _ _ _ _ _ _ _ _ _ _ _ _ _ _ _ _ _ _ _ _ _ _ _ _ _ _ _ _ _ _ _ _ _\n\nself = <selenium.webdriver.support.wait.WebDriverWait (session=\"f8c47833-87c1-4164-a716-178d5b6724c8\")>\nmethod = <function element_to_be_clickable.<locals>._predicate at 0x000001B6BD6B67A0>, message = ''\n\n    def until(self, method: Callable[[D], Union[Literal[False], T]], message: str = \"\") -> T:\n        \"\"\"Calls the method provided with the driver as an argument until the \\\n        return value does not evaluate to ``False``.\n    \n        :param method: callable(WebDriver)\n        :param message: optional message for :exc:`TimeoutException`\n        :returns: the result of the last call to `method`\n        :raises: :exc:`selenium.common.exceptions.TimeoutException` if timeout occurs\n        \"\"\"\n        screen = None\n        stacktrace = None\n    \n        end_time = time.monotonic() + self._timeout\n        while True:\n            try:\n                value = method(self._driver)\n                if value:\n                    return value\n            except self._ignored_exceptions as exc:\n                screen = getattr(exc, \"screen\", None)\n                stacktrace = getattr(exc, \"stacktrace\", None)\n            if time.monotonic() > end_time:\n                break\n            time.sleep(self._poll)\n>       raise TimeoutException(message, screen, stacktrace)\nE       selenium.common.exceptions.TimeoutException: Message: \nE       Stacktrace:\nE       RemoteError@chrome://remote/content/shared/RemoteError.sys.mjs:8:8\nE       WebDriverError@chrome://remote/content/shared/webdriver/Errors.sys.mjs:197:5\nE       NoSuchElementError@chrome://remote/content/shared/webdriver/Errors.sys.mjs:527:5\nE       dom.find/</<@chrome://remote/content/shared/DOM.sys.mjs:136:16\n\n..\\AppData\\Local\\Programs\\Python\\Python312\\Lib\\site-packages\\selenium\\webdriver\\support\\wait.py:105: TimeoutException"}, "steps": [{"name": "Ожидание кнопки «Войти»", "status": "passed", "start": 1742860010191, "stop": 1742860010231}, {"name": "Вход в аккаунт", "status": "passed", "parameters": [{"name": "create_user", "value": "({'email': 'nallen@example.org', 'password': '@_MBgh%&1K', 'name': 'Gina Riley'}, {'success': False, 'message': 'User already exists'}, 403)"}], "start": 1742860010231, "stop": 1742860010401}, {"name": "Ожидание кнопки «Личный кабинет»", "status": "passed", "start": 1742860010401, "stop": 1742860010411}, {"name": "Клик по кнопке «Личный кабинет»", "status": "passed", "start": 1742860010411, "stop": 1742860010431}, {"name": "Ожидание кнопки «История заказов»", "status": "broken", "statusDetails": {"message": "selenium.common.exceptions.TimeoutException: Message: \nStacktrace:\nRemoteError@chrome://remote/content/shared/RemoteError.sys.mjs:8:8\nWebDriverError@chrome://remote/content/shared/webdriver/Errors.sys.mjs:197:5\nNoSuchElementError@chrome://remote/content/shared/webdriver/Errors.sys.mjs:527:5\ndom.find/</<@chrome://remote/content/shared/DOM.sys.mjs:136:16\n\n", "trace": "  File \"C:\\Users\\tereh\\AppData\\Local\\Programs\\Python\\Python312\\Lib\\site-packages\\allure_commons\\_allure.py\", line 192, in impl\n    return func(*a, **kw)\n           ^^^^^^^^^^^^^^\n  File \"C:\\Users\\tereh\\Diplom_3\\pages\\account_page.py\", line 37, in wait_history_order\n    self.wait_clickable_element(AccountLocators.HISTORY_ORDER)\n  File \"C:\\Users\\tereh\\Diplom_3\\pages\\base_page.py\", line 16, in wait_clickable_element\n    return WebDriverWait(self.driver, timeout).until(EC.element_to_be_clickable(locator))\n           ^^^^^^^^^^^^^^^^^^^^^^^^^^^^^^^^^^^^^^^^^^^^^^^^^^^^^^^^^^^^^^^^^^^^^^^^^^^^^^\n  File \"C:\\Users\\tereh\\AppData\\Local\\Programs\\Python\\Python312\\Lib\\site-packages\\selenium\\webdriver\\support\\wait.py\", line 105, in until\n    raise TimeoutException(message, screen, stacktrace)\n"}, "start": 1742860010431, "stop": 1742860020567}], "parameters": [{"name": "driver", "value": "'firefox'"}], "start": 1742860010191, "stop": 1742860020655, "uuid": "7f6bfa9e-89c6-47ac-99f9-ac86ffbe573d", "historyId": "019eebb7af9f4bc6a55fc4038c92fedb", "testCaseId": "de02c1fc78b40904e4b2709a28441085", "fullName": "tests.test_account.TestPersonalAccount#test_history_order", "labels": [{"name": "parentSuite", "value": "tests"}, {"name": "suite", "value": "test_account"}, {"name": "subSuite", "value": "TestPersonalAccount"}, {"name": "host", "value": "TerekhovHONOR"}, {"name": "thread", "value": "7448-MainThread"}, {"name": "framework", "value": "pytest"}, {"name": "language", "value": "cpython3"}, {"name": "package", "value": "tests.test_account"}]}