{"name": "заказы пользователя из раздела «История заказов» отображаются на странице «Лента заказов»", "status": "broken", "statusDetails": {"message": "selenium.common.exceptions.TimeoutException: Message: \nStacktrace:\nRemoteError@chrome://remote/content/shared/RemoteError.sys.mjs:8:8\nWebDriverError@chrome://remote/content/shared/webdriver/Errors.sys.mjs:197:5\nNoSuchElementError@chrome://remote/content/shared/webdriver/Errors.sys.mjs:527:5\ndom.find/</<@chrome://remote/content/shared/DOM.sys.mjs:136:16", "trace": "self = <test_orders.TestOrderFeed object at 0x000001B6BD834B30>, driver = <selenium.webdriver.firefox.webdriver.WebDriver (session=\"ad7f0d6c-3509-4b1c-b952-c921891429da\")>\ncreate_user = ({'email': 'richard30@example.org', 'name': 'Kimberly Blackwell', 'password': '!B7E*4gL&N'}, {'accessToken': 'Bearer e...964c139aab67de064bc7', 'success': True, 'user': {'email': 'richard30@example.org', 'name': 'Kimberly Blackwell'}}, 200)\n\n    @allure.description('заказы пользователя из раздела «История заказов» отображаются на странице «Лента заказов»')\n    @allure.title('заказы пользователя из раздела «История заказов» отображаются на странице «Лента заказов»')\n    def test_history_order_in_feed_oder(self, driver, create_user):\n        order_feed = OrderFeed(driver)\n    \n        order_feed.login_to_account(create_user)\n    \n        order_feed.wait_bun()\n        order_feed.drag_and_drop_ingredient_to_burger_area()\n        order_feed.click_order_create_button()\n        order_feed.click_order_exit_button()\n    \n        order_feed.click_order_personal_account()\n        order_feed.click_history_order()\n>       order_number_history = order_feed.text_history_order_number()\n\ntests\\test_orders.py:33: \n_ _ _ _ _ _ _ _ _ _ _ _ _ _ _ _ _ _ _ _ _ _ _ _ _ _ _ _ _ _ _ _ _ _ _ _ _ _ _ _ _ _ _ _ _ _ _ _ _ _ _ _ _ _ _ _ _ _ _ _ _ _ _ _ _ _ _ _ _ _ _ _ _ _ _ _ _ _ _ _ _ _ _ _ _ _ _ _ _\npages\\order_page.py:70: in text_history_order_number\n    self.wait_clickable_element(OrderLocators.HISTORY_ORDER_NUMBER)\npages\\base_page.py:16: in wait_clickable_element\n    return WebDriverWait(self.driver, timeout).until(EC.element_to_be_clickable(locator))\n_ _ _ _ _ _ _ _ _ _ _ _ _ _ _ _ _ _ _ _ _ _ _ _ _ _ _ _ _ _ _ _ _ _ _ _ _ _ _ _ _ _ _ _ _ _ _ _ _ _ _ _ _ _ _ _ _ _ _ _ _ _ _ _ _ _ _ _ _ _ _ _ _ _ _ _ _ _ _ _ _ _ _ _ _ _ _ _ _\n\nself = <selenium.webdriver.support.wait.WebDriverWait (session=\"ad7f0d6c-3509-4b1c-b952-c921891429da\")>\nmethod = <function element_to_be_clickable.<locals>._predicate at 0x000001B6BDA92200>, message = ''\n\n    def until(self, method: Callable[[D], Union[Literal[False], T]], message: str = \"\") -> T:\n        \"\"\"Calls the method provided with the driver as an argument until the \\\n        return value does not evaluate to ``False``.\n    \n        :param method: callable(WebDriver)\n        :param message: optional message for :exc:`TimeoutException`\n        :returns: the result of the last call to `method`\n        :raises: :exc:`selenium.common.exceptions.TimeoutException` if timeout occurs\n        \"\"\"\n        screen = None\n        stacktrace = None\n    \n        end_time = time.monotonic() + self._timeout\n        while True:\n            try:\n                value = method(self._driver)\n                if value:\n                    return value\n            except self._ignored_exceptions as exc:\n                screen = getattr(exc, \"screen\", None)\n                stacktrace = getattr(exc, \"stacktrace\", None)\n            if time.monotonic() > end_time:\n                break\n            time.sleep(self._poll)\n>       raise TimeoutException(message, screen, stacktrace)\nE       selenium.common.exceptions.TimeoutException: Message: \nE       Stacktrace:\nE       RemoteError@chrome://remote/content/shared/RemoteError.sys.mjs:8:8\nE       WebDriverError@chrome://remote/content/shared/webdriver/Errors.sys.mjs:197:5\nE       NoSuchElementError@chrome://remote/content/shared/webdriver/Errors.sys.mjs:527:5\nE       dom.find/</<@chrome://remote/content/shared/DOM.sys.mjs:136:16\n\n..\\AppData\\Local\\Programs\\Python\\Python312\\Lib\\site-packages\\selenium\\webdriver\\support\\wait.py:105: TimeoutException"}, "description": "заказы пользователя из раздела «История заказов» отображаются на странице «Лента заказов»", "steps": [{"name": "Вход в аккаунт", "status": "passed", "parameters": [{"name": "create_user", "value": "({'email': 'richard30@example.org', 'password': '!B7E*4gL&N', 'name': 'Kimberly Blackwell'}, {'success': True, 'user': {'email': 'richard30@example.org', 'name': 'Kimberly Blackwell'}, 'accessToken': 'Bearer eyJhbGciOiJIUzI1NiIsInR5cCI6IkpXVCJ9.eyJpZCI6IjY3ZTFlZmRhOWVkMjgwMDAxYjViMGEzNCIsImlhdCI6MTc0Mjg2MDI1MCwiZXhwIjoxNzQyODYxNDUwfQ.2JgqW78W_oKWlRkrkdj6VgVn-jN-0TLIQUqYiCVwjKY', 'refreshToken': 'fe0f7da055a941f79fb8aec4570822021c967858dcc0aadfa093a5c08141964c139aab67de064bc7'}, 200)"}], "start": 1742860250831, "stop": 1742860251476}, {"name": "Ожидание булочки", "status": "passed", "start": 1742860251477, "stop": 1742860251499}, {"name": "Перетаскивание ингредиента в конструктор", "status": "passed", "start": 1742860251499, "stop": 1742860252055}, {"name": "Клик по созданию заказа", "status": "passed", "start": 1742860252055, "stop": 1742860252286}, {"name": "Клик по крестику закрытия окна с заказом", "status": "passed", "start": 1742860252286, "stop": 1742860255560}, {"name": "Клик по Личный кабинет", "status": "passed", "start": 1742860255562, "stop": 1742860255839}, {"name": "Клик по История заказов", "status": "passed", "start": 1742860255840, "stop": 1742860256102}, {"name": "Получить номер заказа из истории", "status": "broken", "statusDetails": {"message": "selenium.common.exceptions.TimeoutException: Message: \nStacktrace:\nRemoteError@chrome://remote/content/shared/RemoteError.sys.mjs:8:8\nWebDriverError@chrome://remote/content/shared/webdriver/Errors.sys.mjs:197:5\nNoSuchElementError@chrome://remote/content/shared/webdriver/Errors.sys.mjs:527:5\ndom.find/</<@chrome://remote/content/shared/DOM.sys.mjs:136:16\n\n", "trace": "  File \"C:\\Users\\tereh\\AppData\\Local\\Programs\\Python\\Python312\\Lib\\site-packages\\allure_commons\\_allure.py\", line 192, in impl\n    return func(*a, **kw)\n           ^^^^^^^^^^^^^^\n  File \"C:\\Users\\tereh\\Diplom_3\\pages\\order_page.py\", line 70, in text_history_order_number\n    self.wait_clickable_element(OrderLocators.HISTORY_ORDER_NUMBER)\n  File \"C:\\Users\\tereh\\Diplom_3\\pages\\base_page.py\", line 16, in wait_clickable_element\n    return WebDriverWait(self.driver, timeout).until(EC.element_to_be_clickable(locator))\n           ^^^^^^^^^^^^^^^^^^^^^^^^^^^^^^^^^^^^^^^^^^^^^^^^^^^^^^^^^^^^^^^^^^^^^^^^^^^^^^\n  File \"C:\\Users\\tereh\\AppData\\Local\\Programs\\Python\\Python312\\Lib\\site-packages\\selenium\\webdriver\\support\\wait.py\", line 105, in until\n    raise TimeoutException(message, screen, stacktrace)\n"}, "start": 1742860256102, "stop": 1742860266243}], "parameters": [{"name": "driver", "value": "'firefox'"}], "start": 1742860250830, "stop": 1742860266244, "uuid": "0f699d1f-d942-4dbd-be48-e67b3fcc110d", "historyId": "05fab37101fc073bf5e6cdedb21f7333", "testCaseId": "688cc8825bb6e280d8b60f4013591bb5", "fullName": "tests.test_orders.TestOrderFeed#test_history_order_in_feed_oder", "labels": [{"name": "parentSuite", "value": "tests"}, {"name": "suite", "value": "test_orders"}, {"name": "subSuite", "value": "TestOrderFeed"}, {"name": "host", "value": "TerekhovHONOR"}, {"name": "thread", "value": "7448-MainThread"}, {"name": "framework", "value": "pytest"}, {"name": "language", "value": "cpython3"}, {"name": "package", "value": "tests.test_orders"}]}