{"name": "при создании нового заказа счётчик Выполнено за сегодня увеличивается", "status": "broken", "statusDetails": {"message": "selenium.common.exceptions.TimeoutException: Message: \nStacktrace:\n\tGetHandleVerifier [0x00007FF74583FE45+26629]\n\t(No symbol) [0x00007FF7457A6010]\n\t(No symbol) [0x00007FF74563931A]\n\t(No symbol) [0x00007FF74568F8E7]\n\t(No symbol) [0x00007FF74568FB1C]\n\t(No symbol) [0x00007FF7456E34A7]\n\t(No symbol) [0x00007FF7456B7AEF]\n\t(No symbol) [0x00007FF7456E0169]\n\t(No symbol) [0x00007FF7456B7883]\n\t(No symbol) [0x00007FF745680550]\n\t(No symbol) [0x00007FF745681803]\n\tGetHandleVerifier [0x00007FF745B972BD+3529853]\n\tGetHandleVerifier [0x00007FF745BADA22+3621858]\n\tGetHandleVerifier [0x00007FF745BA24D3+3575443]\n\tGetHandleVerifier [0x00007FF74590B77A+860474]\n\t(No symbol) [0x00007FF7457B088F]\n\t(No symbol) [0x00007FF7457ACBC4]\n\t(No symbol) [0x00007FF7457ACD66]\n\t(No symbol) [0x00007FF74579C2C9]\n\tBaseThreadInitThunk [0x00007FFE3219E8D7+23]\n\tRtlUserThreadStart [0x00007FFE332FBF6C+44]", "trace": "self = <test_orders.TestOrderFeed object at 0x00000245CB82D3A0>, driver = <selenium.webdriver.chrome.webdriver.WebDriver (session=\"0d2c3d466ac2c1d4751258f85aecf01b\")>\ncreate_user = ({'email': 'jonesstephen@example.org', 'name': 'William Jensen', 'password': 'A0Et&Yc0+2'}, {'message': 'User already exists', 'success': False}, 403)\n\n    @allure.description('при создании нового заказа счётчик Выполнено за сегодня увеличивается')\n    @allure.title('при создании нового заказа счётчик Выполнено за сегодня увеличивается')\n    def test_counter_order_today(self, driver, create_user):\n        order_feed = OrderFeed(driver)\n    \n        order_feed.login_to_account(create_user)\n    \n        order_feed.click_order_feed()\n        order_today = int(order_feed.text_order_today())\n    \n        order_feed.click_constractor()\n    \n        order_feed.wait_bun()\n        order_feed.drag_and_drop_ingredient_to_burger_area()\n>       order_feed.click_order_create_button()\n\ntests\\test_orders.py:73: \n_ _ _ _ _ _ _ _ _ _ _ _ _ _ _ _ _ _ _ _ _ _ _ _ _ _ _ _ _ _ _ _ _ _ _ _ _ _ _ _ _ _ _ _ _ _ _ _ _ _ _ _ _ _ _ _ _ _ _ _ _ _ _ _ _ _ _ _ _ _ _ _ _ _ _ _ _ _ _ _ _ _ _ _ _ _ _ _ _\npages\\order_page.py:49: in click_order_create_button\n    self.click_element(OrderLocators.CREATE_ORDER)\npages\\base_page.py:20: in click_element\n    element = WebDriverWait(self.driver, 10).until(\n_ _ _ _ _ _ _ _ _ _ _ _ _ _ _ _ _ _ _ _ _ _ _ _ _ _ _ _ _ _ _ _ _ _ _ _ _ _ _ _ _ _ _ _ _ _ _ _ _ _ _ _ _ _ _ _ _ _ _ _ _ _ _ _ _ _ _ _ _ _ _ _ _ _ _ _ _ _ _ _ _ _ _ _ _ _ _ _ _\n\nself = <selenium.webdriver.support.wait.WebDriverWait (session=\"0d2c3d466ac2c1d4751258f85aecf01b\")>\nmethod = <function presence_of_element_located.<locals>._predicate at 0x00000245CBAA37E0>, message = ''\n\n    def until(self, method: Callable[[D], Union[Literal[False], T]], message: str = \"\") -> T:\n        \"\"\"Calls the method provided with the driver as an argument until the \\\n        return value does not evaluate to ``False``.\n    \n        :param method: callable(WebDriver)\n        :param message: optional message for :exc:`TimeoutException`\n        :returns: the result of the last call to `method`\n        :raises: :exc:`selenium.common.exceptions.TimeoutException` if timeout occurs\n        \"\"\"\n        screen = None\n        stacktrace = None\n    \n        end_time = time.monotonic() + self._timeout\n        while True:\n            try:\n                value = method(self._driver)\n                if value:\n                    return value\n            except self._ignored_exceptions as exc:\n                screen = getattr(exc, \"screen\", None)\n                stacktrace = getattr(exc, \"stacktrace\", None)\n            if time.monotonic() > end_time:\n                break\n            time.sleep(self._poll)\n>       raise TimeoutException(message, screen, stacktrace)\nE       selenium.common.exceptions.TimeoutException: Message: \nE       Stacktrace:\nE       \tGetHandleVerifier [0x00007FF74583FE45+26629]\nE       \t(No symbol) [0x00007FF7457A6010]\nE       \t(No symbol) [0x00007FF74563931A]\nE       \t(No symbol) [0x00007FF74568F8E7]\nE       \t(No symbol) [0x00007FF74568FB1C]\nE       \t(No symbol) [0x00007FF7456E34A7]\nE       \t(No symbol) [0x00007FF7456B7AEF]\nE       \t(No symbol) [0x00007FF7456E0169]\nE       \t(No symbol) [0x00007FF7456B7883]\nE       \t(No symbol) [0x00007FF745680550]\nE       \t(No symbol) [0x00007FF745681803]\nE       \tGetHandleVerifier [0x00007FF745B972BD+3529853]\nE       \tGetHandleVerifier [0x00007FF745BADA22+3621858]\nE       \tGetHandleVerifier [0x00007FF745BA24D3+3575443]\nE       \tGetHandleVerifier [0x00007FF74590B77A+860474]\nE       \t(No symbol) [0x00007FF7457B088F]\nE       \t(No symbol) [0x00007FF7457ACBC4]\nE       \t(No symbol) [0x00007FF7457ACD66]\nE       \t(No symbol) [0x00007FF74579C2C9]\nE       \tBaseThreadInitThunk [0x00007FFE3219E8D7+23]\nE       \tRtlUserThreadStart [0x00007FFE332FBF6C+44]\n\n..\\AppData\\Local\\Programs\\Python\\Python312\\Lib\\site-packages\\selenium\\webdriver\\support\\wait.py:105: TimeoutException"}, "description": "при создании нового заказа счётчик Выполнено за сегодня увеличивается", "steps": [{"name": "Вход в аккаунт", "status": "passed", "parameters": [{"name": "create_user", "value": "({'email': 'jonesstephen@example.org', 'password': 'A0Et&Yc0+2', 'name': 'William Jensen'}, {'success': False, 'message': 'User already exists'}, 403)"}], "start": 1742085498835, "stop": 1742085499313}, {"name": "Клик по кнопке Лента заказов", "status": "passed", "start": 1742085499313, "stop": 1742085499696}, {"name": "Получить количество заказов за сегодня", "status": "passed", "start": 1742085499697, "stop": 1742085500284}, {"name": "Клик по Конструктор", "status": "passed", "start": 1742085500284, "stop": 1742085500388}, {"name": "Ожидание булочки", "status": "passed", "start": 1742085500388, "stop": 1742085500432}, {"name": "Перетаскивание ингредиента в конструктор", "status": "passed", "start": 1742085500432, "stop": 1742085501049}, {"name": "Клик по созданию заказа", "status": "broken", "statusDetails": {"message": "selenium.common.exceptions.TimeoutException: Message: \nStacktrace:\n\tGetHandleVerifier [0x00007FF74583FE45+26629]\n\t(No symbol) [0x00007FF7457A6010]\n\t(No symbol) [0x00007FF74563931A]\n\t(No symbol) [0x00007FF74568F8E7]\n\t(No symbol) [0x00007FF74568FB1C]\n\t(No symbol) [0x00007FF7456E34A7]\n\t(No symbol) [0x00007FF7456B7AEF]\n\t(No symbol) [0x00007FF7456E0169]\n\t(No symbol) [0x00007FF7456B7883]\n\t(No symbol) [0x00007FF745680550]\n\t(No symbol) [0x00007FF745681803]\n\tGetHandleVerifier [0x00007FF745B972BD+3529853]\n\tGetHandleVerifier [0x00007FF745BADA22+3621858]\n\tGetHandleVerifier [0x00007FF745BA24D3+3575443]\n\tGetHandleVerifier [0x00007FF74590B77A+860474]\n\t(No symbol) [0x00007FF7457B088F]\n\t(No symbol) [0x00007FF7457ACBC4]\n\t(No symbol) [0x00007FF7457ACD66]\n\t(No symbol) [0x00007FF74579C2C9]\n\tBaseThreadInitThunk [0x00007FFE3219E8D7+23]\n\tRtlUserThreadStart [0x00007FFE332FBF6C+44]\n\n", "trace": "  File \"C:\\Users\\tereh\\AppData\\Local\\Programs\\Python\\Python312\\Lib\\site-packages\\allure_commons\\_allure.py\", line 192, in impl\n    return func(*a, **kw)\n           ^^^^^^^^^^^^^^\n  File \"C:\\Users\\tereh\\Diplom_3\\pages\\order_page.py\", line 49, in click_order_create_button\n    self.click_element(OrderLocators.CREATE_ORDER)\n  File \"C:\\Users\\tereh\\Diplom_3\\pages\\base_page.py\", line 20, in click_element\n    element = WebDriverWait(self.driver, 10).until(\n              ^^^^^^^^^^^^^^^^^^^^^^^^^^^^^^^^^^^^^\n  File \"C:\\Users\\tereh\\AppData\\Local\\Programs\\Python\\Python312\\Lib\\site-packages\\selenium\\webdriver\\support\\wait.py\", line 105, in until\n    raise TimeoutException(message, screen, stacktrace)\n"}, "start": 1742085501049, "stop": 1742085511597}], "parameters": [{"name": "driver", "value": "'chrome'"}], "start": 1742085498835, "stop": 1742085511599, "uuid": "26d21967-b099-41a7-a318-cfc24610d7e7", "historyId": "74eeeda2e9bb973e92932a1714b74342", "testCaseId": "46c047bfa74a5f7733106ceb1ca56236", "fullName": "tests.test_orders.TestOrderFeed#test_counter_order_today", "labels": [{"name": "parentSuite", "value": "tests"}, {"name": "suite", "value": "test_orders"}, {"name": "subSuite", "value": "TestOrderFeed"}, {"name": "host", "value": "TerekhovHONOR"}, {"name": "thread", "value": "18520-MainThread"}, {"name": "framework", "value": "pytest"}, {"name": "language", "value": "cpython3"}, {"name": "package", "value": "tests.test_orders"}]}